# Change Log
## [13.10.2025]
### 🎉 Додано
- **Тестову картку** для перевірки функціоналу

### ✨ Функціонал
#### Головне меню
- Картки аніме з анімацією розгортання
- При натисканні картка розгортається з:
  - Коротким описом
  - Кнопкою "Детальніше"

#### Сторінка візитки аніме
- Детальний опис аніме
- Список серій
- Інформація про сезони
- Перелік фільмів

#### Розширений плеєр
**Система запам'ятовування налаштувань:**
- ⏱️ Запам'ятовування таймкоду перегляду серії
- 🔊 Запам'ятовування рівня гучності
- 🎙️ Запам'ятовування обраної студії озвучки

### 🔧 Особливості
- Всі зміни застосовуються лише до обраного аніме
- При старті перегляду нового аніме - стандартні налаштування
- При поверненні до попереднього аніме - автоматичне відновлення останніх змін

---